<?xml version="1.0" encoding="UTF-8"?>
<testng-results ignored="0" total="5" passed="4" failed="1" skipped="0">
  <reporter-output>
  </reporter-output>
  <suite started-at="2022-04-29T02:28:46Z" name="Suite" finished-at="2022-04-29T02:29:23Z" duration-ms="37287">
    <groups>
    </groups>
    <test started-at="2022-04-29T02:28:46Z" name="Test" finished-at="2022-04-29T02:29:23Z" duration-ms="37287">
      <class name="com.autom.practice.site.Tests.Login">
        <test-method is-config="true" signature="beforeClass()[pri:0, instance:com.autom.practice.site.Tests.Login@45d84a20]" started-at="2022-04-29T02:29:02Z" name="beforeClass" finished-at="2022-04-29T02:29:07Z" duration-ms="5086" status="PASS">
          <reporter-output>
          </reporter-output>
        </test-method> <!-- beforeClass -->
        <test-method signature="failedLoginTestCase()[pri:0, instance:com.autom.practice.site.Tests.Login@45d84a20]" started-at="2022-04-29T02:29:07Z" name="failedLoginTestCase" finished-at="2022-04-29T02:29:11Z" duration-ms="3631" status="PASS">
          <reporter-output>
          </reporter-output>
        </test-method> <!-- failedLoginTestCase -->
        <test-method signature="successLoginTestcase()[pri:0, instance:com.autom.practice.site.Tests.Login@45d84a20]" started-at="2022-04-29T02:29:11Z" name="successLoginTestcase" finished-at="2022-04-29T02:29:15Z" duration-ms="4549" status="PASS">
          <reporter-output>
          </reporter-output>
        </test-method> <!-- successLoginTestcase -->
        <test-method is-config="true" signature="afterClass()[pri:0, instance:com.autom.practice.site.Tests.Login@45d84a20]" started-at="2022-04-29T02:29:15Z" name="afterClass" finished-at="2022-04-29T02:29:16Z" duration-ms="142" status="PASS">
          <reporter-output>
          </reporter-output>
        </test-method> <!-- afterClass -->
      </class> <!-- com.autom.practice.site.Tests.Login -->
      <class name="com.autom.practice.site.Tests.DataDrivenEx">
        <test-method is-config="true" signature="beforeClass()[pri:0, instance:com.autom.practice.site.Tests.DataDrivenEx@28dcca0c]" started-at="2022-04-29T02:28:46Z" name="beforeClass" finished-at="2022-04-29T02:28:55Z" duration-ms="8593" status="PASS">
          <reporter-output>
          </reporter-output>
        </test-method> <!-- beforeClass -->
        <test-method signature="loginTestDataProvider(java.lang.String, java.lang.String)[pri:0, instance:com.autom.practice.site.Tests.DataDrivenEx@28dcca0c]" started-at="2022-04-29T02:28:55Z" name="loginTestDataProvider" data-provider="authenticationData" finished-at="2022-04-29T02:28:59Z" duration-ms="4549" status="PASS">
          <params>
            <param index="0">
              <value>
                <![CDATA[test1@qa.com]]>
              </value>
            </param>
            <param index="1">
              <value>
                <![CDATA[pass.word1]]>
              </value>
            </param>
          </params>
          <reporter-output>
          </reporter-output>
        </test-method> <!-- loginTestDataProvider -->
        <test-method signature="loginTestDataProvider(java.lang.String, java.lang.String)[pri:0, instance:com.autom.practice.site.Tests.DataDrivenEx@28dcca0c]" started-at="2022-04-29T02:28:59Z" name="loginTestDataProvider" data-provider="authenticationData" finished-at="2022-04-29T02:29:02Z" duration-ms="2612" status="PASS">
          <params>
            <param index="0">
              <value>
                <![CDATA[test2@qa.com]]>
              </value>
            </param>
            <param index="1">
              <value>
                <![CDATA[pass.word2]]>
              </value>
            </param>
          </params>
          <reporter-output>
          </reporter-output>
        </test-method> <!-- loginTestDataProvider -->
        <test-method is-config="true" signature="afterClass()[pri:0, instance:com.autom.practice.site.Tests.DataDrivenEx@28dcca0c]" started-at="2022-04-29T02:29:02Z" name="afterClass" finished-at="2022-04-29T02:29:02Z" duration-ms="134" status="PASS">
          <reporter-output>
          </reporter-output>
        </test-method> <!-- afterClass -->
      </class> <!-- com.autom.practice.site.Tests.DataDrivenEx -->
      <class name="com.autom.practice.site.Tests.SearchSomething">
        <test-method is-config="true" signature="beforeClass()[pri:0, instance:com.autom.practice.site.Tests.SearchSomething@52f27fbd]" started-at="2022-04-29T02:29:16Z" name="beforeClass" finished-at="2022-04-29T02:29:22Z" duration-ms="6398" status="PASS">
          <reporter-output>
          </reporter-output>
        </test-method> <!-- beforeClass -->
        <test-method signature="searchingAProduct()[pri:0, instance:com.autom.practice.site.Tests.SearchSomething@52f27fbd]" started-at="2022-04-29T02:29:22Z" name="searchingAProduct" finished-at="2022-04-29T02:29:23Z" duration-ms="1423" status="FAIL">
          <exception class="java.lang.NullPointerException">
            <message>
              <![CDATA[Cannot invoke "org.openqa.selenium.WebDriver.getTitle()" because "this.driver" is null]]>
            </message>
            <full-stacktrace>
              <![CDATA[java.lang.NullPointerException: Cannot invoke "org.openqa.selenium.WebDriver.getTitle()" because "this.driver" is null
at com.autom.practice.site.project.homePage.runASearch(homePage.java:32)
at com.autom.practice.site.Tests.SearchSomething.searchingAProduct(SearchSomething.java:32)
at java.base/jdk.internal.reflect.DirectMethodHandleAccessor.invoke(DirectMethodHandleAccessor.java:104)
at java.base/java.lang.reflect.Method.invoke(Method.java:577)
at org.testng.internal.MethodInvocationHelper.invokeMethod(MethodInvocationHelper.java:124)
at org.testng.internal.Invoker.invokeMethod(Invoker.java:580)
at org.testng.internal.Invoker.invokeTestMethod(Invoker.java:716)
at org.testng.internal.Invoker.invokeTestMethods(Invoker.java:988)
at org.testng.internal.TestMethodWorker.invokeTestMethods(TestMethodWorker.java:125)
at org.testng.internal.TestMethodWorker.run(TestMethodWorker.java:109)
at org.testng.TestRunner.privateRun(TestRunner.java:648)
at org.testng.TestRunner.run(TestRunner.java:505)
at org.testng.SuiteRunner.runTest(SuiteRunner.java:455)
at org.testng.SuiteRunner.runSequentially(SuiteRunner.java:450)
at org.testng.SuiteRunner.privateRun(SuiteRunner.java:415)
at org.testng.SuiteRunner.run(SuiteRunner.java:364)
at org.testng.SuiteRunnerWorker.runSuite(SuiteRunnerWorker.java:52)
at org.testng.SuiteRunnerWorker.run(SuiteRunnerWorker.java:84)
at org.testng.TestNG.runSuitesSequentially(TestNG.java:1208)
at org.testng.TestNG.runSuitesLocally(TestNG.java:1137)
at org.testng.TestNG.runSuites(TestNG.java:1049)
at org.testng.TestNG.run(TestNG.java:1017)
at org.apache.maven.surefire.testng.TestNGExecutor.run(TestNGExecutor.java:324)
at org.apache.maven.surefire.testng.TestNGXmlTestSuite.execute(TestNGXmlTestSuite.java:74)
at org.apache.maven.surefire.testng.TestNGProvider.invoke(TestNGProvider.java:123)
at org.apache.maven.surefire.booter.ForkedBooter.runSuitesInProcess(ForkedBooter.java:456)
at org.apache.maven.surefire.booter.ForkedBooter.execute(ForkedBooter.java:169)
at org.apache.maven.surefire.booter.ForkedBooter.run(ForkedBooter.java:595)
at org.apache.maven.surefire.booter.ForkedBooter.main(ForkedBooter.java:581)
]]>
            </full-stacktrace>
          </exception> <!-- java.lang.NullPointerException -->
          <reporter-output>
          </reporter-output>
        </test-method> <!-- searchingAProduct -->
        <test-method is-config="true" signature="afterClass()[pri:0, instance:com.autom.practice.site.Tests.SearchSomething@52f27fbd]" started-at="2022-04-29T02:29:23Z" name="afterClass" finished-at="2022-04-29T02:29:23Z" duration-ms="138" status="PASS">
          <reporter-output>
          </reporter-output>
        </test-method> <!-- afterClass -->
      </class> <!-- com.autom.practice.site.Tests.SearchSomething -->
    </test> <!-- Test -->
  </suite> <!-- Suite -->
</testng-results>
