<?xml version="1.0" encoding="UTF-8"?>
<testng-results ignored="0" total="4" passed="4" failed="0" skipped="0">
  <reporter-output>
  </reporter-output>
  <suite started-at="2022-04-28T22:25:56Z" name="Suite" finished-at="2022-04-28T22:27:08Z" duration-ms="72820">
    <groups>
    </groups>
    <test started-at="2022-04-28T22:25:56Z" name="Test" finished-at="2022-04-28T22:27:08Z" duration-ms="72820">
      <class name="com.autom.practice.site.Tests.Login">
        <test-method is-config="true" signature="beforeClass()[pri:0, instance:com.autom.practice.site.Tests.Login@25be7b63]" started-at="2022-04-28T22:26:22Z" name="beforeClass" finished-at="2022-04-28T22:26:30Z" duration-ms="8150" status="PASS">
          <reporter-output>
          </reporter-output>
        </test-method> <!-- beforeClass -->
        <test-method signature="failedLoginTestCase()[pri:0, instance:com.autom.practice.site.Tests.Login@25be7b63]" started-at="2022-04-28T22:26:30Z" name="failedLoginTestCase" finished-at="2022-04-28T22:26:49Z" duration-ms="19662" status="PASS">
          <reporter-output>
          </reporter-output>
        </test-method> <!-- failedLoginTestCase -->
        <test-method signature="successLoginTestcase()[pri:0, instance:com.autom.practice.site.Tests.Login@25be7b63]" started-at="2022-04-28T22:26:49Z" name="successLoginTestcase" finished-at="2022-04-28T22:27:08Z" duration-ms="18693" status="PASS">
          <reporter-output>
          </reporter-output>
        </test-method> <!-- successLoginTestcase -->
        <test-method is-config="true" signature="afterClass()[pri:0, instance:com.autom.practice.site.Tests.Login@25be7b63]" started-at="2022-04-28T22:27:08Z" name="afterClass" finished-at="2022-04-28T22:27:08Z" duration-ms="188" status="PASS">
          <reporter-output>
          </reporter-output>
        </test-method> <!-- afterClass -->
      </class> <!-- com.autom.practice.site.Tests.Login -->
      <class name="com.autom.practice.site.Tests.DataDrivenEx">
        <test-method is-config="true" signature="beforeClass()[pri:0, instance:com.autom.practice.site.Tests.DataDrivenEx@723ca036]" started-at="2022-04-28T22:25:56Z" name="beforeClass" finished-at="2022-04-28T22:26:05Z" duration-ms="8982" status="PASS">
          <reporter-output>
          </reporter-output>
        </test-method> <!-- beforeClass -->
        <test-method signature="loginTestDataProvider(java.lang.String, java.lang.String)[pri:0, instance:com.autom.practice.site.Tests.DataDrivenEx@723ca036]" started-at="2022-04-28T22:26:05Z" name="loginTestDataProvider" data-provider="authenticationData" finished-at="2022-04-28T22:26:13Z" duration-ms="8591" status="PASS">
          <params>
            <param index="0">
              <value>
                <![CDATA[test1@qa.com]]>
              </value>
            </param>
            <param index="1">
              <value>
                <![CDATA[pass.word1]]>
              </value>
            </param>
          </params>
          <reporter-output>
          </reporter-output>
        </test-method> <!-- loginTestDataProvider -->
        <test-method signature="loginTestDataProvider(java.lang.String, java.lang.String)[pri:0, instance:com.autom.practice.site.Tests.DataDrivenEx@723ca036]" started-at="2022-04-28T22:26:13Z" name="loginTestDataProvider" data-provider="authenticationData" finished-at="2022-04-28T22:26:22Z" duration-ms="8360" status="PASS">
          <params>
            <param index="0">
              <value>
                <![CDATA[test2@qa.com]]>
              </value>
            </param>
            <param index="1">
              <value>
                <![CDATA[pass.word2]]>
              </value>
            </param>
          </params>
          <reporter-output>
          </reporter-output>
        </test-method> <!-- loginTestDataProvider -->
        <test-method is-config="true" signature="afterClass()[pri:0, instance:com.autom.practice.site.Tests.DataDrivenEx@723ca036]" started-at="2022-04-28T22:26:22Z" name="afterClass" finished-at="2022-04-28T22:26:22Z" duration-ms="161" status="PASS">
          <reporter-output>
          </reporter-output>
        </test-method> <!-- afterClass -->
      </class> <!-- com.autom.practice.site.Tests.DataDrivenEx -->
    </test> <!-- Test -->
  </suite> <!-- Suite -->
</testng-results>
