<?xml version="1.0" encoding="UTF-8"?>
<!-- Generated by org.testng.reporters.JUnitXMLReporter -->
<testsuite ignored="0" hostname="Fernandos-MacBook-Pro.local" failures="1" tests="5" name="Test" time="37.287" errors="0" timestamp="29 Apr 2022 02:29:29 GMT">
  <testcase classname="com.autom.practice.site.Tests.DataDrivenEx" name="loginTestDataProvider" time="4.549"/>
  <testcase classname="com.autom.practice.site.Tests.DataDrivenEx" name="loginTestDataProvider" time="2.612"/>
  <testcase classname="com.autom.practice.site.Tests.Login" name="failedLoginTestCase" time="3.631"/>
  <testcase classname="com.autom.practice.site.Tests.Login" name="successLoginTestcase" time="4.549"/>
  <testcase classname="com.autom.practice.site.Tests.SearchSomething" name="searchingAProduct" time="1.423">
    <failure type="java.lang.NullPointerException" message="Cannot invoke &amp;quot;org.openqa.selenium.WebDriver.getTitle()&amp;quot; because &amp;quot;this.driver&amp;quot; is null">
      <![CDATA[java.lang.NullPointerException: Cannot invoke "org.openqa.selenium.WebDriver.getTitle()" because "this.driver" is null
at com.autom.practice.site.project.homePage.runASearch(homePage.java:32)
at com.autom.practice.site.Tests.SearchSomething.searchingAProduct(SearchSomething.java:32)
... Removed 27 stack frames]]>
    </failure>
  </testcase> <!-- searchingAProduct -->
</testsuite> <!-- Test -->
