<?xml version="1.0" encoding="UTF-8"?>
<!-- Generated by org.testng.reporters.JUnitXMLReporter -->
<testsuite ignored="0" hostname="Fernandos-MacBook-Pro.local" failures="0" tests="4" name="Test" time="72.82" errors="0" timestamp="28 Apr 2022 22:27:13 GMT">
  <testcase classname="com.autom.practice.site.Tests.DataDrivenEx" name="loginTestDataProvider" time="8.591"/>
  <testcase classname="com.autom.practice.site.Tests.DataDrivenEx" name="loginTestDataProvider" time="8.36"/>
  <testcase classname="com.autom.practice.site.Tests.Login" name="failedLoginTestCase" time="19.662"/>
  <testcase classname="com.autom.practice.site.Tests.Login" name="successLoginTestcase" time="18.693"/>
</testsuite> <!-- Test -->
