<?xml version="1.0" encoding="UTF-8"?>
<testng-results ignored="0" total="2" passed="2" failed="0" skipped="0">
  <reporter-output>
  </reporter-output>
  <suite started-at="2022-04-28T18:33:07Z" name="Default suite" finished-at="2022-04-28T18:33:22Z" duration-ms="15417">
    <groups>
    </groups>
    <test started-at="2022-04-28T18:33:07Z" name="Default test" finished-at="2022-04-28T18:33:22Z" duration-ms="15417">
      <class name="com.autom.practice.site.Tests.DataDrivenEx">
        <test-method is-config="true" signature="beforeClass()[pri:0, instance:com.autom.practice.site.Tests.DataDrivenEx@31dadd46]" started-at="2022-04-28T18:33:07Z" name="beforeClass" finished-at="2022-04-28T18:33:13Z" duration-ms="5931" status="PASS">
          <reporter-output>
          </reporter-output>
        </test-method> <!-- beforeClass -->
        <test-method signature="loginTestDataProvider(java.lang.String, java.lang.String)[pri:0, instance:com.autom.practice.site.Tests.DataDrivenEx@31dadd46]" started-at="2022-04-28T18:33:13Z" name="loginTestDataProvider" data-provider="authenticationData" finished-at="2022-04-28T18:33:17Z" duration-ms="4392" status="PASS">
          <params>
            <param index="0">
              <value>
                <![CDATA[test1@qa.com]]>
              </value>
            </param>
            <param index="1">
              <value>
                <![CDATA[pass.word1]]>
              </value>
            </param>
          </params>
          <reporter-output>
          </reporter-output>
        </test-method> <!-- loginTestDataProvider -->
        <test-method signature="loginTestDataProvider(java.lang.String, java.lang.String)[pri:0, instance:com.autom.practice.site.Tests.DataDrivenEx@31dadd46]" started-at="2022-04-28T18:33:17Z" name="loginTestDataProvider" data-provider="authenticationData" finished-at="2022-04-28T18:33:22Z" duration-ms="4941" status="PASS">
          <params>
            <param index="0">
              <value>
                <![CDATA[test2@qa.com]]>
              </value>
            </param>
            <param index="1">
              <value>
                <![CDATA[pass.word2]]>
              </value>
            </param>
          </params>
          <reporter-output>
          </reporter-output>
        </test-method> <!-- loginTestDataProvider -->
        <test-method is-config="true" signature="afterClass()[pri:0, instance:com.autom.practice.site.Tests.DataDrivenEx@31dadd46]" started-at="2022-04-28T18:33:22Z" name="afterClass" finished-at="2022-04-28T18:33:22Z" duration-ms="129" status="PASS">
          <reporter-output>
          </reporter-output>
        </test-method> <!-- afterClass -->
      </class> <!-- com.autom.practice.site.Tests.DataDrivenEx -->
    </test> <!-- Default test -->
  </suite> <!-- Default suite -->
</testng-results>
