<?xml version="1.0" encoding="UTF-8"?>
<testng-results ignored="0" total="1" passed="1" failed="0" skipped="0">
  <reporter-output>
  </reporter-output>
  <suite started-at="2022-04-29T15:30:52Z" name="Default suite" finished-at="2022-04-29T15:31:01Z" duration-ms="8412">
    <groups>
    </groups>
    <test started-at="2022-04-29T15:30:52Z" name="Default test" finished-at="2022-04-29T15:31:01Z" duration-ms="8412">
      <class name="com.autom.practice.site.Tests.SearchSomething">
        <test-method is-config="true" signature="beforeClass()[pri:0, instance:com.autom.practice.site.Tests.SearchSomething@335b5620]" started-at="2022-04-29T15:30:52Z" name="beforeClass" finished-at="2022-04-29T15:30:59Z" duration-ms="6238" status="PASS">
          <reporter-output>
          </reporter-output>
        </test-method> <!-- beforeClass -->
        <test-method signature="searchingAProduct()[pri:0, instance:com.autom.practice.site.Tests.SearchSomething@335b5620]" started-at="2022-04-29T15:30:59Z" name="searchingAProduct" finished-at="2022-04-29T15:31:00Z" duration-ms="1921" status="PASS">
          <reporter-output>
          </reporter-output>
        </test-method> <!-- searchingAProduct -->
        <test-method is-config="true" signature="afterClass()[pri:0, instance:com.autom.practice.site.Tests.SearchSomething@335b5620]" started-at="2022-04-29T15:31:00Z" name="afterClass" finished-at="2022-04-29T15:31:01Z" duration-ms="227" status="PASS">
          <reporter-output>
          </reporter-output>
        </test-method> <!-- afterClass -->
      </class> <!-- com.autom.practice.site.Tests.SearchSomething -->
    </test> <!-- Default test -->
  </suite> <!-- Default suite -->
</testng-results>
