<?xml version="1.0" encoding="UTF-8"?>
<!-- Generated by org.testng.reporters.JUnitXMLReporter -->
<testsuite ignored="0" hostname="Fernandos-MacBook-Pro.local" failures="0" tests="2" name="Default test" time="15.417" errors="0" timestamp="28 Apr 2022 18:33:27 GMT">
  <testcase classname="com.autom.practice.site.Tests.DataDrivenEx" name="loginTestDataProvider" time="4.392"/>
  <testcase classname="com.autom.practice.site.Tests.DataDrivenEx" name="loginTestDataProvider" time="4.941"/>
</testsuite> <!-- Default test -->
